生成启动时间为 2014/9/13 22:37:39。
     1>项目“D:\VS2013 Projects\HandWriting\HandWriting\HandWriting.vcxproj”在节点 2 上(Build 个目标)。
     1>ClCompile:
         D:\Visual Studio 2013\VC\bin\CL.exe /c /ZI /nologo /W3 /WX- /sdl /Od /Oy- /D WIN32 /D _WINDOWS /D _DEBUG /D _CRT_SECURE_NO_WARNINGS /D _UNICODE /D UNICODE /D _AFXDLL /Gm /EHsc /RTC1 /MDd /GS /fp:precise /Zc:wchar_t /Zc:forScope /Yu"stdafx.h" /Fp"Debug\HandWriting.pch" /Fo"Debug\\" /Fd"Debug\vc120.pdb" /Gd /TP /analyze- /errorReport:prompt BP.cpp HandWriting.cpp HandWritingDlg.cpp svm.cpp
         HandWritingDlg.cpp
     1>d:\vs2013 projects\handwriting\handwriting\handwritingdlg.cpp(241): warning C4172: 返回局部变量或临时变量的地址
         正在生成代码...
         正在跳过...(未检测到相关更改)
         svm.cpp
         HandWriting.cpp
         BP.cpp
       Link:
         D:\Visual Studio 2013\VC\bin\link.exe /ERRORREPORT:PROMPT /OUT:"D:\VS2013 Projects\HandWriting\Debug\HandWriting.exe" /INCREMENTAL /NOLOGO opencv_ts300.lib opencv_ts300d.lib opencv_world300.lib opencv_world300d.lib /MANIFEST /MANIFESTUAC:"level='asInvoker' uiAccess='false'" /manifest:embed /manifestinput:"D:\Visual Studio 2013\VC\Include\Manifest\dpiaware.manifest" /DEBUG /PDB:"D:\VS2013 Projects\HandWriting\Debug\HandWriting.pdb" /SUBSYSTEM:WINDOWS /TLBID:1 /ENTRY:"wWinMainCRTStartup" /DYNAMICBASE /NXCOMPAT /IMPLIB:"D:\VS2013 Projects\HandWriting\Debug\HandWriting.lib" /MACHINE:X86 Debug\HandWriting.res
         Debug\BP.obj
         Debug\HandWriting.obj
         Debug\HandWritingDlg.obj
         Debug\stdafx.obj
         Debug\svm.obj
         HandWriting.vcxproj -> D:\VS2013 Projects\HandWriting\Debug\HandWriting.exe
     1>已完成生成项目“D:\VS2013 Projects\HandWriting\HandWriting\HandWriting.vcxproj”(Build 个目标)的操作。

生成成功。

已用时间 00:01:39.87
